app/build/intermediates/manifest_merge_blame_file/debug/manifest-merger-blame-debug-report.txt
1<?xml version="1.0" encoding="utf-8"?>
2<manifest xmlns:android="http://schemas.android.com/apk/res/android"
3    package="com.iflytek.aiui.demo.simple"
4    android:versionCode="36"
5    android:versionName="1.5.5" >
6
7    <uses-sdk
8        android:minSdkVersion="19"
8-->src\main\AndroidManifest.xml
9        android:targetSdkVersion="28" />
9-->src\main\AndroidManifest.xml
10
11    <uses-permission android:name="android.permission.RECORD_AUDIO" /> <!-- 录音 -->
11-->src\main\AndroidManifest.xml:5:5-71
11-->src\main\AndroidManifest.xml:5:22-68
12    <uses-permission android:name="android.permission.INTERNET" /> <!-- 调用云端服务 -->
12-->src\main\AndroidManifest.xml:6:5-67
12-->src\main\AndroidManifest.xml:6:22-64
13    <uses-permission android:name="android.permission.WRITE_EXTERNAL_STORAGE" /> <!-- SDK缓存及调试日志 -->
13-->src\main\AndroidManifest.xml:7:5-81
13-->src\main\AndroidManifest.xml:7:22-78
14    <uses-permission android:name="android.permission.ACCESS_NETWORK_STATE" />
14-->src\main\AndroidManifest.xml:8:5-79
14-->src\main\AndroidManifest.xml:8:22-76
15
16    <!-- 判断是否联网 -->
17    <application
17-->src\main\AndroidManifest.xml:10:5-36:19
18        android:appComponentFactory="androidx.core.app.CoreComponentFactory"
18-->[androidx.core:core:1.3.1] AndroidManifest.xml:24:18-86
19        android:debuggable="true"
20        android:networkSecurityConfig="@xml/network_security_config" >
20-->src\main\AndroidManifest.xml:11:9-69
21        <activity
21-->src\main\AndroidManifest.xml:13:9-23:20
22            android:name="com.iflytek.aiui.demo.chat.MainActivity"
22-->src\main\AndroidManifest.xml:14:13-41
23            android:label="@string/app_name"
23-->src\main\AndroidManifest.xml:15:13-45
24            android:screenOrientation="portrait"
24-->src\main\AndroidManifest.xml:16:13-49
25            android:theme="@style/AppTheme.NoActionBar"
25-->src\main\AndroidManifest.xml:17:13-56
26            android:windowSoftInputMode="adjustResize" >
26-->src\main\AndroidManifest.xml:18:13-55
27            <intent-filter>
27-->src\main\AndroidManifest.xml:19:13-22:29
28                <action android:name="android.intent.action.MAIN" />
28-->src\main\AndroidManifest.xml:20:17-69
28-->src\main\AndroidManifest.xml:20:25-66
29
30                <category android:name="android.intent.category.LAUNCHER" />
30-->src\main\AndroidManifest.xml:21:17-77
30-->src\main\AndroidManifest.xml:21:27-74
31            </intent-filter>
32        </activity>
33        <activity
33-->src\main\AndroidManifest.xml:25:9-27:52
34            android:name="com.iflytek.aiui.demo.chat.NlpDemoActivity"
34-->src\main\AndroidManifest.xml:25:19-50
35            android:screenOrientation="portrait"
35-->src\main\AndroidManifest.xml:27:13-49
36            android:theme="@style/AppTheme.NoActionBar" />
36-->src\main\AndroidManifest.xml:26:13-56
37        <activity
37-->src\main\AndroidManifest.xml:29:9-31:52
38            android:name="com.iflytek.aiui.demo.chat.VoiceCloneDemoActivity"
38-->src\main\AndroidManifest.xml:29:19-57
39            android:screenOrientation="portrait"
39-->src\main\AndroidManifest.xml:31:13-49
40            android:theme="@style/AppTheme.NoActionBar" />
40-->src\main\AndroidManifest.xml:30:13-56
41        <activity
41-->src\main\AndroidManifest.xml:33:9-35:52
42            android:name="com.iflytek.aiui.demo.chat.WebViewActivity"
42-->src\main\AndroidManifest.xml:33:19-50
43            android:screenOrientation="portrait"
43-->src\main\AndroidManifest.xml:35:13-49
44            android:theme="@style/AppTheme.NoActionBar" />
44-->src\main\AndroidManifest.xml:34:13-56
45    </application>
46
47</manifest>